<?xml version="1.0" encoding="UTF-8"?>
<!-- Generated by org.testng.reporters.JUnitXMLReporter -->
<testsuite hostname="raghu-PC" ignored="2" name="Test" tests="2" failures="0" timestamp="14 Aug 2017 04:04:21 GMT" time="0.144" errors="0">
  <testcase name="testA1" time="0.035" classname="qsp.DemoA"/>
  <testcase name="testA2" time="0.008" classname="qsp.DemoA"/>
  <testcase name="testB1" time="0.0" classname="qsp.DemoB">
    <ignored/>
  </testcase> <!-- testB1 -->
  <testcase name="testB2" time="0.0" classname="qsp.DemoB">
    <ignored/>
  </testcase> <!-- testB2 -->
</testsuite> <!-- Test -->
